TN:
SF:script/DeployFundMe.s.sol
DA:19,11
FN:19,DeployFundMe.run
FNDA:11,DeployFundMe.run
DA:22,11
DA:23,11
DA:26,11
DA:27,11
DA:28,11
DA:29,11
FNF:1
FNH:1
LF:7
LH:7
BRF:0
BRH:0
end_of_record
TN:
SF:script/HelperConfig.s.sol
DA:25,11
FN:25,HelperConfig.constructor
FNDA:11,HelperConfig.constructor
DA:29,11
BRDA:29,0,0,11
BRDA:29,0,1,-
DA:31,11
DA:32,0
BRDA:32,1,0,-
BRDA:32,1,1,-
DA:34,0
DA:36,0
DA:40,11
FN:40,HelperConfig.getSepoliaEthConfig
FNDA:11,HelperConfig.getSepoliaEthConfig
DA:46,11
DA:49,11
DA:52,0
FN:52,HelperConfig.getAnvilEthConfig
FNDA:0,HelperConfig.getAnvilEthConfig
DA:57,0
DA:58,0
DA:59,0
DA:61,0
DA:64,0
FNF:3
FNH:2
LF:15
LH:6
BRF:4
BRH:1
end_of_record
TN:
SF:src/FundMe.sol
DA:24,11
FN:24,FundMe.constructor
FNDA:11,FundMe.constructor
DA:25,11
DA:26,11
DA:29,8
FN:29,FundMe.fund
FNDA:8,FundMe.fund
DA:30,10
BRDA:30,0,0,1
BRDA:30,0,1,9
DA:32,9
DA:33,9
DA:36,1
FN:36,FundMe.getVersion
FNDA:1,FundMe.getVersion
DA:38,1
DA:41,3
FN:41,FundMe.onlyOwner
FNDA:3,FundMe.onlyOwner
DA:43,3
BRDA:43,1,0,1
DA:47,3
FN:47,FundMe.withdraw
FNDA:3,FundMe.withdraw
DA:48,2
DA:49,4
DA:50,4
DA:52,2
DA:61,2
DA:62,2
BRDA:62,2,0,-
BRDA:62,2,1,2
DA:76,1
FN:76,FundMe.fallback
FNDA:1,FundMe.fallback
DA:77,1
DA:80,1
FN:80,FundMe.receive
FNDA:1,FundMe.receive
DA:81,1
FNF:7
FNH:7
LF:22
LH:22
BRF:5
BRH:4
end_of_record
TN:
SF:src/PriceConverter.sol
DA:10,10
FN:10,PriceConverter.getPrice
FNDA:10,PriceConverter.getPrice
DA:16,10
DA:18,10
DA:22,10
FN:22,PriceConverter.getConversionRate
FNDA:10,PriceConverter.getConversionRate
DA:26,10
DA:27,10
DA:29,10
FNF:2
FNH:2
LF:7
LH:7
BRF:0
BRH:0
end_of_record
TN:
SF:test/mocks/MockV3Aggregator.sol
DA:25,0
FN:25,MockV3Aggregator.constructor
FNDA:0,MockV3Aggregator.constructor
DA:26,0
DA:27,0
DA:30,0
FN:30,MockV3Aggregator.updateAnswer
FNDA:0,MockV3Aggregator.updateAnswer
DA:31,0
DA:32,0
DA:33,0
DA:34,0
DA:35,0
DA:36,0
DA:39,0
FN:39,MockV3Aggregator.updateRoundData
FNDA:0,MockV3Aggregator.updateRoundData
DA:45,0
DA:46,0
DA:47,0
DA:48,0
DA:49,0
DA:50,0
DA:53,0
FN:53,MockV3Aggregator.getRoundData
FNDA:0,MockV3Aggregator.getRoundData
DA:66,0
DA:75,0
FN:75,MockV3Aggregator.latestRoundData
FNDA:0,MockV3Aggregator.latestRoundData
DA:86,0
DA:95,0
FN:95,MockV3Aggregator.description
FNDA:0,MockV3Aggregator.description
DA:96,0
FNF:6
FNH:0
LF:23
LH:0
BRF:0
BRH:0
end_of_record
